2023-11-17 05:33:20,014 - tts_server.py - INFO - tts engine initialized completely...
2023-11-17 05:46:32,588 - tts_server.py - INFO - 输入文本：<!doctype html>
<html lang=en>
<title>500 Internal Server Error</title>
<h1>Internal Server Error</h1>
<p>The server encountered an internal error and was unable to complete your request. Either the server is overloaded or there is an error in the application.</p>

2023-11-17 05:46:44,915 - tts_server.py - INFO - 输入文本：<!doctype html>
<html lang=en>
<title>500 Internal Server Error</title>
<h1>Internal Server Error</h1>
<p>The server encountered an internal error and was unable to complete your request. Either the server is overloaded or there is an error in the application.</p>

2023-11-17 05:46:50,375 - tts_server.py - INFO - 输入文本：<!doctype html>
<html lang=en>
<title>500 Internal Server Error</title>
<h1>Internal Server Error</h1>
<p>The server encountered an internal error and was unable to complete your request. Either the server is overloaded or there is an error in the application.</p>

2023-11-17 05:46:58,736 - tts_server.py - INFO - 输入文本：<!doctype html>
<html lang=en>
<title>500 Internal Server Error</title>
<h1>Internal Server Error</h1>
<p>The server encountered an internal error and was unable to complete your request. Either the server is overloaded or there is an error in the application.</p>

2023-11-17 05:47:04,094 - tts_server.py - INFO - 输入文本：<!doctype html>
<html lang=en>
<title>500 Internal Server Error</title>
<h1>Internal Server Error</h1>
<p>The server encountered an internal error and was unable to complete your request. Either the server is overloaded or there is an error in the application.</p>

2023-11-17 05:47:09,445 - tts_server.py - INFO - 输入文本：<!doctype html>
<html lang=en>
<title>500 Internal Server Error</title>
<h1>Internal Server Error</h1>
<p>The server encountered an internal error and was unable to complete your request. Either the server is overloaded or there is an error in the application.</p>

2023-11-17 05:47:18,425 - tts_server.py - INFO - 输入文本：<!doctype html>
<html lang=en>
<title>500 Internal Server Error</title>
<h1>Internal Server Error</h1>
<p>The server encountered an internal error and was unable to complete your request. Either the server is overloaded or there is an error in the application.</p>

2023-11-17 05:48:46,329 - tts_server.py - INFO - 输入文本：<!doctype html>
<html lang=en>
<title>500 Internal Server Error</title>
<h1>Internal Server Error</h1>
<p>The server encountered an internal error and was unable to complete your request. Either the server is overloaded or there is an error in the application.</p>

2023-11-17 05:48:53,127 - tts_server.py - INFO - 输入文本：<!doctype html>
<html lang=en>
<title>500 Internal Server Error</title>
<h1>Internal Server Error</h1>
<p>The server encountered an internal error and was unable to complete your request. Either the server is overloaded or there is an error in the application.</p>

2023-11-17 05:48:58,487 - tts_server.py - INFO - 输入文本：<!doctype html>
<html lang=en>
<title>500 Internal Server Error</title>
<h1>Internal Server Error</h1>
<p>The server encountered an internal error and was unable to complete your request. Either the server is overloaded or there is an error in the application.</p>

2023-11-17 05:49:03,844 - tts_server.py - INFO - 输入文本：<!doctype html>
<html lang=en>
<title>500 Internal Server Error</title>
<h1>Internal Server Error</h1>
<p>The server encountered an internal error and was unable to complete your request. Either the server is overloaded or there is an error in the application.</p>

2023-11-17 05:49:09,186 - tts_server.py - INFO - 输入文本：<!doctype html>
<html lang=en>
<title>500 Internal Server Error</title>
<h1>Internal Server Error</h1>
<p>The server encountered an internal error and was unable to complete your request. Either the server is overloaded or there is an error in the application.</p>

2023-11-17 06:07:01,562 - tts_server.py - INFO - 输入文本：没什么是什么
2023-11-17 06:07:06,849 - tts_server.py - INFO - 输入文本：抱歉，我没有看到错。
2023-11-17 06:07:15,883 - tts_server.py - INFO - 输入文本：桌子的上面有1个水壶，1个杯子。
2023-11-17 06:07:24,183 - tts_server.py - INFO - 输入文本：这个我有,就是没用过,不知道好不好用
2023-11-17 06:08:13,405 - tts_server.py - INFO - 输入文本：对不起，我没听清楚您的问题。
2023-11-17 06:10:01,821 - tts_server.py - INFO - 输入文本：对不起，我没听清楚您的问题。
